c:\users\victor\documents\github projects\c++ projects\generic_based_games\generic_based_games\generic_based_games\debug\vc142.pdb
c:\users\victor\documents\github projects\c++ projects\generic_based_games\generic_based_games\generic_based_games\debug\vc142.idb
c:\users\victor\documents\github projects\c++ projects\generic_based_games\generic_based_games\generic_based_games\debug\tictactoeview.obj
c:\users\victor\documents\github projects\c++ projects\generic_based_games\generic_based_games\generic_based_games\debug\tictactoemove.obj
c:\users\victor\documents\github projects\c++ projects\generic_based_games\generic_based_games\generic_based_games\debug\tictactoeboard.obj
c:\users\victor\documents\github projects\c++ projects\generic_based_games\generic_based_games\generic_based_games\debug\othelloview.obj
c:\users\victor\documents\github projects\c++ projects\generic_based_games\generic_based_games\generic_based_games\debug\othellomove.obj
c:\users\victor\documents\github projects\c++ projects\generic_based_games\generic_based_games\generic_based_games\debug\generic_based_games.obj
c:\users\victor\documents\github projects\c++ projects\generic_based_games\generic_based_games\generic_based_games\debug\othelloboard.obj
c:\users\victor\documents\github projects\c++ projects\generic_based_games\generic_based_games\debug\generic_based_games.exe
c:\users\victor\documents\github projects\c++ projects\generic_based_games\generic_based_games\generic_based_games\debug\generic_based_games.ilk
c:\users\victor\documents\github projects\c++ projects\generic_based_games\generic_based_games\debug\generic_based_games.pdb
c:\users\victor\documents\github projects\c++ projects\generic_based_games\generic_based_games\generic_based_games\debug\generic_based_games.res
c:\users\victor\documents\github projects\c++ projects\generic_based_games\generic_based_games\generic_based_games\debug\generic_based_games.obj.enc
c:\users\victor\documents\github projects\c++ projects\generic_based_games\generic_based_games\generic_based_games\debug\generic_.5f8ebb1b.tlog\cl.command.1.tlog
c:\users\victor\documents\github projects\c++ projects\generic_based_games\generic_based_games\generic_based_games\debug\generic_.5f8ebb1b.tlog\cl.read.1.tlog
c:\users\victor\documents\github projects\c++ projects\generic_based_games\generic_based_games\generic_based_games\debug\generic_.5f8ebb1b.tlog\cl.write.1.tlog
c:\users\victor\documents\github projects\c++ projects\generic_based_games\generic_based_games\generic_based_games\debug\generic_.5f8ebb1b.tlog\link.command.1.tlog
c:\users\victor\documents\github projects\c++ projects\generic_based_games\generic_based_games\generic_based_games\debug\generic_.5f8ebb1b.tlog\link.read.1.tlog
c:\users\victor\documents\github projects\c++ projects\generic_based_games\generic_based_games\generic_based_games\debug\generic_.5f8ebb1b.tlog\link.write.1.tlog
c:\users\victor\documents\github projects\c++ projects\generic_based_games\generic_based_games\generic_based_games\debug\generic_.5f8ebb1b.tlog\rc.command.1.tlog
c:\users\victor\documents\github projects\c++ projects\generic_based_games\generic_based_games\generic_based_games\debug\generic_.5f8ebb1b.tlog\rc.read.1.tlog
c:\users\victor\documents\github projects\c++ projects\generic_based_games\generic_based_games\generic_based_games\debug\generic_.5f8ebb1b.tlog\rc.write.1.tlog
